<?xml version="1.0" encoding="UTF-8"?>
<!-- Generated by org.testng.reporters.JUnitReportReporter -->
<testsuite skipped="0" hostname="GVG45" name="com.rynly.qa.testcases.PayPageTest" tests="4" failures="0" timestamp="20 Mar 2019 10:57:36 GMT" time="86.281" errors="0">
  <testcase name="payPageClick" time="20.107" classname="com.rynly.qa.testcases.PayPageTest"/>
  <testcase name="newPayPageClick" time="21.878" classname="com.rynly.qa.testcases.PayPageTest"/>
  <testcase name="newPayPageClick" time="23.054" classname="com.rynly.qa.testcases.PayPageTest"/>
  <testcase name="errorMsgPromo" time="21.242" classname="com.rynly.qa.testcases.PayPageTest"/>
</testsuite> <!-- com.rynly.qa.testcases.PayPageTest -->
