<?xml version="1.0" encoding="UTF-8"?>
<!-- Generated by org.testng.reporters.JUnitReportReporter -->
<testsuite skipped="0" hostname="GVG45" name="com.rynly.qa.testcases.PackageCreatePageTest" tests="1" failures="0" timestamp="18 Jan 2020 12:00:59 GMT" time="23.510" errors="0">
  <testcase name="inputAddressTest" time="23.510" classname="com.rynly.qa.testcases.PackageCreatePageTest"/>
</testsuite> <!-- com.rynly.qa.testcases.PackageCreatePageTest -->
