<?xml version="1.0" encoding="UTF-8"?>
<!-- Generated by org.testng.reporters.JUnitReportReporter -->
<testsuite skipped="0" hostname="GVG45" name="com.rynly.qa.testcases.BillingPageTest" tests="1" failures="0" timestamp="19 Jan 2020 06:39:21 GMT" time="39.076" errors="0">
  <testcase name="newBillingPageClick" time="39.076" classname="com.rynly.qa.testcases.BillingPageTest"/>
</testsuite> <!-- com.rynly.qa.testcases.BillingPageTest -->
