<?xml version="1.0" encoding="UTF-8"?>
<!-- Generated by org.testng.reporters.JUnitReportReporter -->
<testsuite skipped="0" hostname="GVG45" name="com.rynly.qa.testcases.ConfirmationPageTest" tests="1" failures="0" timestamp="16 Apr 2019 11:56:13 GMT" time="24.823" errors="0">
  <testcase name="confirmationClick" time="24.823" classname="com.rynly.qa.testcases.ConfirmationPageTest"/>
</testsuite> <!-- com.rynly.qa.testcases.ConfirmationPageTest -->
