<?xml version="1.0" encoding="UTF-8"?>
<!-- Generated by org.testng.reporters.JUnitReportReporter -->
<testsuite skipped="0" hostname="GVG45" name="com.rynly.qa.testcases.LoginPageTest" tests="2" failures="0" timestamp="18 Jan 2020 08:02:38 GMT" time="38.358" errors="0">
  <testcase name="joinTest" time="17.903" classname="com.rynly.qa.testcases.LoginPageTest"/>
  <testcase name="loginTest" time="20.455" classname="com.rynly.qa.testcases.LoginPageTest"/>
</testsuite> <!-- com.rynly.qa.testcases.LoginPageTest -->
