<?xml version="1.0" encoding="UTF-8"?>
<!-- Generated by org.testng.reporters.JUnitReportReporter -->
<testsuite skipped="0" hostname="GVG45" name="com.rynly.qa.testcases.Runner" tests="2" failures="0" timestamp="18 Jan 2020 07:47:03 GMT" time="6.919" errors="0">
  <testcase name="login" time="0.832" classname="com.rynly.qa.testcases.Runner"/>
  <testcase name="createShipment" time="6.087" classname="com.rynly.qa.testcases.Runner"/>
</testsuite> <!-- com.rynly.qa.testcases.Runner -->
