<?xml version="1.0" encoding="UTF-8"?>
<!-- Generated by org.testng.reporters.JUnitReportReporter -->
<testsuite skipped="0" hostname="GVG45" name="com.rynly.qa.testcases.ShipPageTest" tests="2" failures="0" timestamp="20 Mar 2019 10:57:36 GMT" time="40.013" errors="0">
  <testcase name="shipmentDetailsTest" time="20.463" classname="com.rynly.qa.testcases.ShipPageTest"/>
  <testcase name="myOwnSizeDetailsTest" time="19.550" classname="com.rynly.qa.testcases.ShipPageTest"/>
</testsuite> <!-- com.rynly.qa.testcases.ShipPageTest -->
