<?xml version="1.0" encoding="UTF-8"?>
<!-- Generated by org.testng.reporters.JUnitReportReporter -->
<testsuite skipped="0" hostname="GVG45" name="com.rynly.qa.testcases.LoginPageTest" tests="1" failures="0" timestamp="24 Jun 2020 04:06:59 GMT" time="24.600" errors="0">
  <testcase name="loginTest" time="24.600" classname="com.rynly.qa.testcases.LoginPageTest"/>
</testsuite> <!-- com.rynly.qa.testcases.LoginPageTest -->
