<?xml version="1.0" encoding="UTF-8"?>
<!-- Generated by org.testng.reporters.JUnitReportReporter -->
<testsuite skipped="0" hostname="GVG45" name="com.rynly.qa.testcases.LoginPageTest" tests="1" failures="0" timestamp="16 Jul 2020 10:46:47 GMT" time="19.461" errors="0">
  <testcase name="loginTest" time="19.461" classname="com.rynly.qa.testcases.LoginPageTest"/>
</testsuite> <!-- com.rynly.qa.testcases.LoginPageTest -->
