<?xml version="1.0" encoding="UTF-8"?>
<!-- Generated by org.testng.reporters.JUnitReportReporter -->
<testsuite hostname="GVG45" failures="0" tests="1" name="com.rynly.qa.testcases.LoginPageTest" time="44.250" errors="0" timestamp="25 Jun 2020 07:18:54 GMT" skipped="0">
  <testcase classname="com.rynly.qa.testcases.LoginPageTest" name="loginTest" time="44.250"/>
</testsuite> <!-- com.rynly.qa.testcases.LoginPageTest -->
